<?xml version="1.0" encoding="UTF-8"?>
<!-- Generated by org.testng.reporters.JUnitReportReporter -->
<testsuite skipped="0" hostname="LAPTOP-09M7L6ER" name="com.test.DashboardTest" tests="1" failures="0" timestamp="07 Jan 2021 15:27:25 GMT" time="13.604" errors="0">
  <testcase name="test1" time="13.604" classname="com.test.DashboardTest"/>
</testsuite> <!-- com.test.DashboardTest -->
