<?xml version="1.0" encoding="UTF-8"?>
<!-- Generated by org.testng.reporters.JUnitReportReporter -->
<testsuite skipped="0" hostname="LAPTOP-09M7L6ER" name="com.test.DemoTest" tests="1" failures="0" timestamp="07 Jan 2021 15:27:25 GMT" time="10.383" errors="0">
  <testcase name="loginTest" time="10.383" classname="com.test.DemoTest"/>
</testsuite> <!-- com.test.DemoTest -->
