<?xml version="1.0" encoding="UTF-8"?>
<!-- Generated by org.testng.reporters.JUnitReportReporter -->
<testsuite hostname="LAPTOP-09M7L6ER" failures="0" tests="1" name="com.test.DemoTest" time="30.752" errors="0" timestamp="01 Jan 2021 16:07:37 GMT" skipped="0">
  <testcase classname="com.test.DemoTest" name="loginTest" time="30.752"/>
</testsuite> <!-- com.test.DemoTest -->
